<?xml version="1.0" encoding="UTF-8"?>
<testng-results ignored="0" total="2" passed="1" failed="1" skipped="0">
  <reporter-output>
  </reporter-output>
  <suite started-at="2021-06-10T20:34:01 CEST" name="Default suite" finished-at="2021-06-10T20:34:39 CEST" duration-ms="38070">
    <groups>
    </groups>
    <test started-at="2021-06-10T20:34:01 CEST" name="Default test" finished-at="2021-06-10T20:34:39 CEST" duration-ms="38070">
      <class name="tests.RegistrationTests">
        <test-method is-config="true" signature="beforeAllTests()[pri:0, instance:tests.RegistrationTests@6d3a388c]" started-at="2021-06-10T20:34:01 CEST" name="beforeAllTests" finished-at="2021-06-10T20:34:06 CEST" duration-ms="4591" status="PASS">
          <reporter-output>
          </reporter-output>
        </test-method> <!-- beforeAllTests -->
        <test-method is-config="true" signature="preSvakogTesta()[pri:0, instance:tests.RegistrationTests@6d3a388c]" started-at="2021-06-10T20:34:06 CEST" name="preSvakogTesta" finished-at="2021-06-10T20:34:14 CEST" duration-ms="8000" status="PASS">
          <reporter-output>
          </reporter-output>
        </test-method> <!-- preSvakogTesta -->
        <test-method signature="signInButtonTest()[pri:0, instance:tests.RegistrationTests@6d3a388c]" started-at="2021-06-10T20:34:14 CEST" name="signInButtonTest" finished-at="2021-06-10T20:34:22 CEST" duration-ms="8118" status="PASS">
          <reporter-output>
          </reporter-output>
        </test-method> <!-- signInButtonTest -->
        <test-method is-config="true" signature="posleSvakogTesta()[pri:0, instance:tests.RegistrationTests@6d3a388c]" started-at="2021-06-10T20:34:22 CEST" name="posleSvakogTesta" finished-at="2021-06-10T20:34:24 CEST" duration-ms="1769" status="PASS">
          <reporter-output>
          </reporter-output>
        </test-method> <!-- posleSvakogTesta -->
        <test-method is-config="true" signature="preSvakogTesta()[pri:0, instance:tests.RegistrationTests@6d3a388c]" started-at="2021-06-10T20:34:24 CEST" name="preSvakogTesta" finished-at="2021-06-10T20:34:27 CEST" duration-ms="3308" status="PASS">
          <reporter-output>
          </reporter-output>
        </test-method> <!-- preSvakogTesta -->
        <test-method signature="registrationWithValidEmail()[pri:3, instance:tests.RegistrationTests@6d3a388c]" started-at="2021-06-10T20:34:27 CEST" name="registrationWithValidEmail" finished-at="2021-06-10T20:34:38 CEST" duration-ms="10561" status="FAIL">
          <exception class="java.lang.AssertionError">
            <message>
              <![CDATA[expected [CREATE AN ACCOUNT PAGE] but found [AUTHENTICATION]]]>
            </message>
            <full-stacktrace>
              <![CDATA[java.lang.AssertionError: expected [CREATE AN ACCOUNT PAGE] but found [AUTHENTICATION]
at org.testng.Assert.fail(Assert.java:99)
at org.testng.Assert.failNotEquals(Assert.java:1037)
at org.testng.Assert.assertEqualsImpl(Assert.java:140)
at org.testng.Assert.assertEquals(Assert.java:122)
at org.testng.Assert.assertEquals(Assert.java:629)
at org.testng.Assert.assertEquals(Assert.java:639)
at tests.RegistrationTests.registrationWithValidEmail(RegistrationTests.java:51)
at java.base/jdk.internal.reflect.NativeMethodAccessorImpl.invoke0(Native Method)
at java.base/jdk.internal.reflect.NativeMethodAccessorImpl.invoke(NativeMethodAccessorImpl.java:62)
at java.base/jdk.internal.reflect.DelegatingMethodAccessorImpl.invoke(DelegatingMethodAccessorImpl.java:43)
at java.base/java.lang.reflect.Method.invoke(Method.java:566)
at org.testng.internal.MethodInvocationHelper.invokeMethod(MethodInvocationHelper.java:133)
at org.testng.internal.TestInvoker.invokeMethod(TestInvoker.java:598)
at org.testng.internal.TestInvoker.invokeTestMethod(TestInvoker.java:173)
at org.testng.internal.MethodRunner.runInSequence(MethodRunner.java:46)
at org.testng.internal.TestInvoker$MethodInvocationAgent.invoke(TestInvoker.java:824)
at org.testng.internal.TestInvoker.invokeTestMethods(TestInvoker.java:146)
at org.testng.internal.TestMethodWorker.invokeTestMethods(TestMethodWorker.java:146)
at org.testng.internal.TestMethodWorker.run(TestMethodWorker.java:128)
at java.base/java.util.ArrayList.forEach(ArrayList.java:1541)
at org.testng.TestRunner.privateRun(TestRunner.java:794)
at org.testng.TestRunner.run(TestRunner.java:596)
at org.testng.SuiteRunner.runTest(SuiteRunner.java:377)
at org.testng.SuiteRunner.runSequentially(SuiteRunner.java:371)
at org.testng.SuiteRunner.privateRun(SuiteRunner.java:332)
at org.testng.SuiteRunner.run(SuiteRunner.java:276)
at org.testng.SuiteRunnerWorker.runSuite(SuiteRunnerWorker.java:53)
at org.testng.SuiteRunnerWorker.run(SuiteRunnerWorker.java:96)
at org.testng.TestNG.runSuitesSequentially(TestNG.java:1212)
at org.testng.TestNG.runSuitesLocally(TestNG.java:1134)
at org.testng.TestNG.runSuites(TestNG.java:1063)
at org.testng.TestNG.run(TestNG.java:1031)
at org.testng.remote.AbstractRemoteTestNG.run(AbstractRemoteTestNG.java:115)
at org.testng.remote.RemoteTestNG.initAndRun(RemoteTestNG.java:251)
at org.testng.remote.RemoteTestNG.main(RemoteTestNG.java:77)
]]>
            </full-stacktrace>
          </exception> <!-- java.lang.AssertionError -->
          <reporter-output>
          </reporter-output>
        </test-method> <!-- registrationWithValidEmail -->
        <test-method is-config="true" signature="posleSvakogTesta()[pri:0, instance:tests.RegistrationTests@6d3a388c]" started-at="2021-06-10T20:34:38 CEST" name="posleSvakogTesta" finished-at="2021-06-10T20:34:39 CEST" duration-ms="1507" status="PASS">
          <reporter-output>
          </reporter-output>
        </test-method> <!-- posleSvakogTesta -->
        <test-method is-config="true" signature="afterAllTests()[pri:0, instance:tests.RegistrationTests@6d3a388c]" started-at="2021-06-10T20:34:39 CEST" name="afterAllTests" finished-at="2021-06-10T20:34:39 CEST" duration-ms="135" status="PASS">
          <reporter-output>
          </reporter-output>
        </test-method> <!-- afterAllTests -->
      </class> <!-- tests.RegistrationTests -->
    </test> <!-- Default test -->
  </suite> <!-- Default suite -->
</testng-results>
